[2023-03-18T11:40:47.732075537Z][docker-desktop-user-distro in Ubuntu][I] ipc.NewClient: da688430-LinuxProxyCMD -> /mnt/wsl/docker-desktop/shared-sockets/host-services/backend.sock BackendAPI
[2023-03-18T11:40:47.732986020Z][docker-desktop-user-distro in Ubuntu][I] 9e0e9279-proxyControl : registering GET /ping
[2023-03-18T11:40:47.733412418Z][docker-desktop-user-distro in Ubuntu][I] 9e0e9279-proxyControl : registering GET /
[2023-03-18T11:40:47.733854074Z][docker-desktop-user-distro in Ubuntu][I] 9e0e9279-proxyControl : registering GET /goroutines/stacks
[2023-03-18T11:40:47.734364809Z][docker-desktop-user-distro in Ubuntu][I] ipc.NewServer: 9e0e9279-proxyControl <- /mnt/wsl/docker-desktop/shared-sockets/proxy-control-Ubuntu.sock
[2023-03-18T11:40:47.734826162Z][docker-desktop-user-distro in Ubuntu][I] 9e0e9279-proxyControl : registering GET /proxy/is-restricted
[2023-03-18T11:40:47.735383976Z][docker-desktop-user-distro in Ubuntu][I] ipc.NewClient: 60eb98d1-WSLIntegrationProxy -> /mnt/wsl/docker-desktop/shared-sockets/host-services/backend.sock BackendCLI
[2023-03-18T11:40:47.735412973Z][docker-desktop-user-distro in Ubuntu][I] starting 9e0e9279-proxyControl for component ProxyControlPKG on /mnt/wsl/docker-desktop/shared-sockets/proxy-control-Ubuntu.sock
[2023-03-18T11:40:47.736165027Z][docker-desktop-user-distro in Ubuntu][I] 6a23b4dd-cross-distro : registering GET /ping
[2023-03-18T11:40:47.736191486Z][docker-desktop-user-distro in Ubuntu][I] add ProxyAutoResume middleware
[2023-03-18T11:40:47.784069965Z][docker-desktop-user-distro in Ubuntu][I] starting 17859106-dockerCLISock for component WSLIntegrationProxy on /var/run/docker-cli.sock
[2023-03-18T11:40:47.784166143Z][docker-desktop-user-distro in Ubuntu][I] da688430-LinuxProxyCMD /proxy-control <-- [2023-03-18T20:40:47.735593279+09:00] (33d08859) ipc connecting : <nil>
[2023-03-18T11:40:47.784900956Z][docker-desktop-user-distro in Ubuntu][I] 6a23b4dd-cross-distro : registering GET /
[2023-03-18T11:40:47.905379119Z][docker-desktop-user-distro in Ubuntu][I] da688430-LinuxProxyCMD /pause/state <-- [2023-03-18T20:40:47.905345416+09:00] (d69904af) ipc connecting : <nil>
[2023-03-18T11:40:47.906330821Z][docker-desktop-user-distro in Ubuntu][I] 6a23b4dd-cross-distro : registering GET /goroutines/stacks
[2023-03-18T11:40:47.907669800Z][docker-desktop-user-distro in Ubuntu][I] ipc.NewServer: 6a23b4dd-cross-distro <- /mnt/wsl/docker-desktop/shared-sockets/guest-services/distro-services/ubuntu.sock
[2023-03-18T11:40:47.907975011Z][docker-desktop-user-distro in Ubuntu][I] 6a23b4dd-cross-distro : registering POST /add-mount
[2023-03-18T11:40:47.908289660Z][docker-desktop-user-distro in Ubuntu][I] 6a23b4dd-cross-distro : registering POST /write
[2023-03-18T11:40:48.029276363Z][docker-desktop-user-distro in Ubuntu][I] ipc.NewClient: a922afea-CrossDistroService -> /var/run/docker.sock WSL2DistroProxy
[2023-03-18T11:40:48.029220559Z][docker-desktop-user-distro in Ubuntu][W] loading versions: unmarshalling components version: open /opt/docker-desktop/componentsVersion.json: no such file or directory
[2023-03-18T11:40:48.153905015Z][docker-desktop-user-distro in Ubuntu][I] 6a23b4dd-cross-distro : registering GET /check
[2023-03-18T11:40:48.155079361Z][docker-desktop-user-distro in Ubuntu][I] starting 6a23b4dd-cross-distro for component Ubuntu on /mnt/wsl/docker-desktop/shared-sockets/guest-services/distro-services/ubuntu.sock
[2023-03-18T11:40:48.155490141Z][docker-desktop-user-distro in Ubuntu][I] da688430-LinuxProxyCMD /proxy-control <-- [2023-03-18T20:40:06.281351200+09:00] (e46e85d3) proxy  : {"Locked":false,"Restricted":false}
[2023-03-18T11:40:48.156288072Z][docker-desktop-user-distro in Ubuntu][I] da688430-LinuxProxyCMD /proxy-control <-- [2023-03-18T20:40:48.154696600+09:00] (c7f1c306) ipc ready : <nil>
[2023-03-18T11:40:48.156432494Z][docker-desktop-user-distro in Ubuntu][I] da688430-LinuxProxyCMD /pause/state <-- [2023-03-18T20:40:01.446477400+09:00] (e62097cf) pause resumed : init
[2023-03-18T11:40:48.157109929Z][docker-desktop-user-distro in Ubuntu][I] da688430-LinuxProxyCMD /pause/state <-- [2023-03-18T20:40:48.155480900+09:00] (fdfe0906) ipc ready : <nil>
[2023-03-18T11:40:48.234860219Z][docker-desktop-user-distro in Ubuntu][I] creating symlink for /usr/bin/docker-credential-desktop.exe
[2023-03-18T11:40:48.235403538Z][docker-desktop-user-distro in Ubuntu][I] cli tools directory /mnt/wsl/docker-desktop/cli-tools has contents
[2023-03-18T11:40:48.235704788Z][docker-desktop-user-distro in Ubuntu][I] populating cli tools from /mnt/wsl/docker-desktop/cli-tools
[2023-03-18T11:40:48.236240142Z][docker-desktop-user-distro in Ubuntu][I] creating symlink for /usr/bin/com.docker.cli
[2023-03-18T11:40:48.236639785Z][docker-desktop-user-distro in Ubuntu][I] creating symlink for /usr/bin/docker
[2023-03-18T11:40:48.237926236Z][docker-desktop-user-distro in Ubuntu][I] creating symlink for /usr/bin/docker-compose
[2023-03-18T11:40:48.238452754Z][docker-desktop-user-distro in Ubuntu][I] creating symlink for /usr/bin/docker-compose-v1
[2023-03-18T11:40:48.238802965Z][docker-desktop-user-distro in Ubuntu][I] creating symlink for /usr/bin/docker-index
[2023-03-18T11:40:48.239148817Z][docker-desktop-user-distro in Ubuntu][I] creating symlink for /usr/bin/hub-tool
[2023-03-18T11:40:48.239935265Z][docker-desktop-user-distro in Ubuntu][I] creating symlink for /usr/local/bin/kubectl
[2023-03-18T11:40:48.240883006Z][docker-desktop-user-distro in Ubuntu][I] creating symlink for /usr/local/lib/docker/cli-plugins/docker-buildx
[2023-03-18T11:40:48.241547430Z][docker-desktop-user-distro in Ubuntu][I] creating symlink for /usr/local/lib/docker/cli-plugins/docker-compose
[2023-03-18T11:40:48.242102010Z][docker-desktop-user-distro in Ubuntu][I] creating symlink for /usr/local/lib/docker/cli-plugins/docker-dev
[2023-03-18T11:40:48.242739815Z][docker-desktop-user-distro in Ubuntu][I] creating symlink for /usr/local/lib/docker/cli-plugins/docker-extension
[2023-03-18T11:40:48.243327998Z][docker-desktop-user-distro in Ubuntu][I] creating symlink for /usr/local/lib/docker/cli-plugins/docker-sbom
[2023-03-18T11:40:48.243981061Z][docker-desktop-user-distro in Ubuntu][I] creating symlink for /usr/local/lib/docker/cli-plugins/docker-scan
[2023-03-18T11:40:48.244592687Z][docker-desktop-user-distro in Ubuntu][I] creating symlink for /usr/local/lib/docker/cli-plugins/docker-scout
[2023-03-18T11:40:48.245162426Z][docker-desktop-user-distro in Ubuntu][I] creating symlink for /usr/local/lib/docker/snyk
[2023-03-18T11:40:48.273302616Z][docker-desktop-user-distro in Ubuntu][I] creating symlink for /usr/share/bash-completion/completions/docker
[2023-03-18T11:40:48.300714711Z][docker-desktop-user-distro in Ubuntu][I] creating symlink for /usr/share/doc/docker-ce-cli/changelog.Debian.gz
[2023-03-18T11:40:48.302866779Z][docker-desktop-user-distro in Ubuntu][I] creating symlink for /usr/share/fish/vendor_completions.d/docker.fish
[2023-03-18T11:40:48.307499511Z][docker-desktop-user-distro in Ubuntu][I] creating symlink for /usr/share/man/man1/docker-attach.1.gz
[2023-03-18T11:40:48.308876094Z][docker-desktop-user-distro in Ubuntu][I] creating symlink for /usr/share/man/man1/docker-build.1.gz
[2023-03-18T11:40:48.310922626Z][docker-desktop-user-distro in Ubuntu][I] creating symlink for /usr/share/man/man1/docker-builder-build.1.gz
[2023-03-18T11:40:48.311876947Z][docker-desktop-user-distro in Ubuntu][I] creating symlink for /usr/share/man/man1/docker-builder-prune.1.gz
[2023-03-18T11:40:48.312789452Z][docker-desktop-user-distro in Ubuntu][I] creating symlink for /usr/share/man/man1/docker-builder.1.gz
[2023-03-18T11:40:48.315601879Z][docker-desktop-user-distro in Ubuntu][I] creating symlink for /usr/share/man/man1/docker-checkpoint-create.1.gz
[2023-03-18T11:40:48.316562784Z][docker-desktop-user-distro in Ubuntu][I] creating symlink for /usr/share/man/man1/docker-checkpoint-ls.1.gz
[2023-03-18T11:40:48.317717820Z][docker-desktop-user-distro in Ubuntu][I] creating symlink for /usr/share/man/man1/docker-checkpoint-rm.1.gz
[2023-03-18T11:40:48.318638620Z][docker-desktop-user-distro in Ubuntu][I] creating symlink for /usr/share/man/man1/docker-checkpoint.1.gz
[2023-03-18T11:40:48.319615445Z][docker-desktop-user-distro in Ubuntu][I] creating symlink for /usr/share/man/man1/docker-commit.1.gz
[2023-03-18T11:40:48.320415291Z][docker-desktop-user-distro in Ubuntu][I] creating symlink for /usr/share/man/man1/docker-config-create.1.gz
[2023-03-18T11:40:48.323193370Z][docker-desktop-user-distro in Ubuntu][I] creating symlink for /usr/share/man/man1/docker-config-inspect.1.gz
[2023-03-18T11:40:48.324064740Z][docker-desktop-user-distro in Ubuntu][I] creating symlink for /usr/share/man/man1/docker-config-ls.1.gz
[2023-03-18T11:40:48.325896030Z][docker-desktop-user-distro in Ubuntu][I] creating symlink for /usr/share/man/man1/docker-config-rm.1.gz
[2023-03-18T11:40:48.330681801Z][docker-desktop-user-distro in Ubuntu][I] creating symlink for /usr/share/man/man1/docker-config.1.gz
[2023-03-18T11:40:48.332013335Z][docker-desktop-user-distro in Ubuntu][I] creating symlink for /usr/share/man/man1/docker-container-attach.1.gz
[2023-03-18T11:40:48.333226959Z][docker-desktop-user-distro in Ubuntu][I] creating symlink for /usr/share/man/man1/docker-container-commit.1.gz
[2023-03-18T11:40:48.334377390Z][docker-desktop-user-distro in Ubuntu][I] creating symlink for /usr/share/man/man1/docker-container-cp.1.gz
[2023-03-18T11:40:48.335394530Z][docker-desktop-user-distro in Ubuntu][I] creating symlink for /usr/share/man/man1/docker-container-create.1.gz
[2023-03-18T11:40:48.337014758Z][docker-desktop-user-distro in Ubuntu][I] creating symlink for /usr/share/man/man1/docker-container-diff.1.gz
[2023-03-18T11:40:48.337926682Z][docker-desktop-user-distro in Ubuntu][I] creating symlink for /usr/share/man/man1/docker-container-exec.1.gz
[2023-03-18T11:40:48.338789034Z][docker-desktop-user-distro in Ubuntu][I] creating symlink for /usr/share/man/man1/docker-container-export.1.gz
[2023-03-18T11:40:48.339625688Z][docker-desktop-user-distro in Ubuntu][I] creating symlink for /usr/share/man/man1/docker-container-inspect.1.gz
[2023-03-18T11:40:48.340407961Z][docker-desktop-user-distro in Ubuntu][I] creating symlink for /usr/share/man/man1/docker-container-kill.1.gz
[2023-03-18T11:40:48.341305549Z][docker-desktop-user-distro in Ubuntu][I] creating symlink for /usr/share/man/man1/docker-container-logs.1.gz
[2023-03-18T11:40:48.342043340Z][docker-desktop-user-distro in Ubuntu][I] creating symlink for /usr/share/man/man1/docker-container-ls.1.gz
[2023-03-18T11:40:48.342839619Z][docker-desktop-user-distro in Ubuntu][I] creating symlink for /usr/share/man/man1/docker-container-pause.1.gz
[2023-03-18T11:40:48.343764558Z][docker-desktop-user-distro in Ubuntu][I] creating symlink for /usr/share/man/man1/docker-container-port.1.gz
[2023-03-18T11:40:48.344723624Z][docker-desktop-user-distro in Ubuntu][I] creating symlink for /usr/share/man/man1/docker-container-prune.1.gz
[2023-03-18T11:40:48.345774691Z][docker-desktop-user-distro in Ubuntu][I] creating symlink for /usr/share/man/man1/docker-container-rename.1.gz
[2023-03-18T11:40:48.346940639Z][docker-desktop-user-distro in Ubuntu][I] creating symlink for /usr/share/man/man1/docker-container-restart.1.gz
[2023-03-18T11:40:48.347774479Z][docker-desktop-user-distro in Ubuntu][I] creating symlink for /usr/share/man/man1/docker-container-rm.1.gz
[2023-03-18T11:40:48.348622025Z][docker-desktop-user-distro in Ubuntu][I] creating symlink for /usr/share/man/man1/docker-container-run.1.gz
[2023-03-18T11:40:48.350095920Z][docker-desktop-user-distro in Ubuntu][I] creating symlink for /usr/share/man/man1/docker-container-start.1.gz
[2023-03-18T11:40:48.350997375Z][docker-desktop-user-distro in Ubuntu][I] creating symlink for /usr/share/man/man1/docker-container-stats.1.gz
[2023-03-18T11:40:48.351732962Z][docker-desktop-user-distro in Ubuntu][I] creating symlink for /usr/share/man/man1/docker-container-stop.1.gz
[2023-03-18T11:40:48.352384082Z][docker-desktop-user-distro in Ubuntu][I] creating symlink for /usr/share/man/man1/docker-container-top.1.gz
[2023-03-18T11:40:48.353165584Z][docker-desktop-user-distro in Ubuntu][I] creating symlink for /usr/share/man/man1/docker-container-unpause.1.gz
[2023-03-18T11:40:48.353790134Z][docker-desktop-user-distro in Ubuntu][I] creating symlink for /usr/share/man/man1/docker-container-update.1.gz
[2023-03-18T11:40:48.354395950Z][docker-desktop-user-distro in Ubuntu][I] creating symlink for /usr/share/man/man1/docker-container-wait.1.gz
[2023-03-18T11:40:48.354951211Z][docker-desktop-user-distro in Ubuntu][I] creating symlink for /usr/share/man/man1/docker-container.1.gz
[2023-03-18T11:40:48.355493749Z][docker-desktop-user-distro in Ubuntu][I] creating symlink for /usr/share/man/man1/docker-context-create.1.gz
[2023-03-18T11:40:48.356069759Z][docker-desktop-user-distro in Ubuntu][I] creating symlink for /usr/share/man/man1/docker-context-export.1.gz
[2023-03-18T11:40:48.356624059Z][docker-desktop-user-distro in Ubuntu][I] creating symlink for /usr/share/man/man1/docker-context-import.1.gz
[2023-03-18T11:40:48.357186574Z][docker-desktop-user-distro in Ubuntu][I] creating symlink for /usr/share/man/man1/docker-context-inspect.1.gz
[2023-03-18T11:40:48.357977593Z][docker-desktop-user-distro in Ubuntu][I] creating symlink for /usr/share/man/man1/docker-context-ls.1.gz
[2023-03-18T11:40:48.358633382Z][docker-desktop-user-distro in Ubuntu][I] creating symlink for /usr/share/man/man1/docker-context-rm.1.gz
[2023-03-18T11:40:48.359215954Z][docker-desktop-user-distro in Ubuntu][I] creating symlink for /usr/share/man/man1/docker-context-update.1.gz
[2023-03-18T11:40:48.360085670Z][docker-desktop-user-distro in Ubuntu][I] creating symlink for /usr/share/man/man1/docker-context-use.1.gz
[2023-03-18T11:40:48.360732592Z][docker-desktop-user-distro in Ubuntu][I] creating symlink for /usr/share/man/man1/docker-context.1.gz
[2023-03-18T11:40:48.361549365Z][docker-desktop-user-distro in Ubuntu][I] creating symlink for /usr/share/man/man1/docker-cp.1.gz
[2023-03-18T11:40:48.362343436Z][docker-desktop-user-distro in Ubuntu][I] creating symlink for /usr/share/man/man1/docker-create.1.gz
[2023-03-18T11:40:48.363568690Z][docker-desktop-user-distro in Ubuntu][I] creating symlink for /usr/share/man/man1/docker-diff.1.gz
[2023-03-18T11:40:48.364524999Z][docker-desktop-user-distro in Ubuntu][I] creating symlink for /usr/share/man/man1/docker-events.1.gz
[2023-03-18T11:40:48.365294767Z][docker-desktop-user-distro in Ubuntu][I] creating symlink for /usr/share/man/man1/docker-exec.1.gz
[2023-03-18T11:40:48.366139426Z][docker-desktop-user-distro in Ubuntu][I] creating symlink for /usr/share/man/man1/docker-export.1.gz
[2023-03-18T11:40:48.366969628Z][docker-desktop-user-distro in Ubuntu][I] creating symlink for /usr/share/man/man1/docker-history.1.gz
[2023-03-18T11:40:48.367734860Z][docker-desktop-user-distro in Ubuntu][I] creating symlink for /usr/share/man/man1/docker-image-build.1.gz
[2023-03-18T11:40:48.368613392Z][docker-desktop-user-distro in Ubuntu][I] creating symlink for /usr/share/man/man1/docker-image-history.1.gz
[2023-03-18T11:40:48.369788325Z][docker-desktop-user-distro in Ubuntu][I] creating symlink for /usr/share/man/man1/docker-image-import.1.gz
[2023-03-18T11:40:48.371287756Z][docker-desktop-user-distro in Ubuntu][I] creating symlink for /usr/share/man/man1/docker-image-inspect.1.gz
[2023-03-18T11:40:48.372104944Z][docker-desktop-user-distro in Ubuntu][I] creating symlink for /usr/share/man/man1/docker-image-load.1.gz
[2023-03-18T11:40:48.372831754Z][docker-desktop-user-distro in Ubuntu][I] creating symlink for /usr/share/man/man1/docker-image-ls.1.gz
[2023-03-18T11:40:48.373821733Z][docker-desktop-user-distro in Ubuntu][I] creating symlink for /usr/share/man/man1/docker-image-prune.1.gz
[2023-03-18T11:40:48.374521082Z][docker-desktop-user-distro in Ubuntu][I] creating symlink for /usr/share/man/man1/docker-image-pull.1.gz
[2023-03-18T11:40:48.375218448Z][docker-desktop-user-distro in Ubuntu][I] creating symlink for /usr/share/man/man1/docker-image-push.1.gz
[2023-03-18T11:40:48.376081335Z][docker-desktop-user-distro in Ubuntu][I] creating symlink for /usr/share/man/man1/docker-image-rm.1.gz
[2023-03-18T11:40:48.376886090Z][docker-desktop-user-distro in Ubuntu][I] creating symlink for /usr/share/man/man1/docker-image-save.1.gz
[2023-03-18T11:40:48.377837237Z][docker-desktop-user-distro in Ubuntu][I] creating symlink for /usr/share/man/man1/docker-image-tag.1.gz
[2023-03-18T11:40:48.378752790Z][docker-desktop-user-distro in Ubuntu][I] creating symlink for /usr/share/man/man1/docker-image.1.gz
[2023-03-18T11:40:48.379648273Z][docker-desktop-user-distro in Ubuntu][I] creating symlink for /usr/share/man/man1/docker-images.1.gz
[2023-03-18T11:40:48.380437620Z][docker-desktop-user-distro in Ubuntu][I] creating symlink for /usr/share/man/man1/docker-import.1.gz
[2023-03-18T11:40:48.381271259Z][docker-desktop-user-distro in Ubuntu][I] creating symlink for /usr/share/man/man1/docker-info.1.gz
[2023-03-18T11:40:48.382478441Z][docker-desktop-user-distro in Ubuntu][I] creating symlink for /usr/share/man/man1/docker-inspect.1.gz
[2023-03-18T11:40:48.383694518Z][docker-desktop-user-distro in Ubuntu][I] creating symlink for /usr/share/man/man1/docker-kill.1.gz
[2023-03-18T11:40:48.384474748Z][docker-desktop-user-distro in Ubuntu][I] creating symlink for /usr/share/man/man1/docker-load.1.gz
[2023-03-18T11:40:48.385213771Z][docker-desktop-user-distro in Ubuntu][I] creating symlink for /usr/share/man/man1/docker-login.1.gz
[2023-03-18T11:40:48.386148297Z][docker-desktop-user-distro in Ubuntu][I] creating symlink for /usr/share/man/man1/docker-logout.1.gz
[2023-03-18T11:40:48.386751698Z][docker-desktop-user-distro in Ubuntu][I] creating symlink for /usr/share/man/man1/docker-logs.1.gz
[2023-03-18T11:40:48.387287303Z][docker-desktop-user-distro in Ubuntu][I] creating symlink for /usr/share/man/man1/docker-manifest-annotate.1.gz
[2023-03-18T11:40:48.387835251Z][docker-desktop-user-distro in Ubuntu][I] creating symlink for /usr/share/man/man1/docker-manifest-create.1.gz
[2023-03-18T11:40:48.388256774Z][docker-desktop-user-distro in Ubuntu][I] creating symlink for /usr/share/man/man1/docker-manifest-inspect.1.gz
[2023-03-18T11:40:48.388726526Z][docker-desktop-user-distro in Ubuntu][I] creating symlink for /usr/share/man/man1/docker-manifest-push.1.gz
[2023-03-18T11:40:48.389859066Z][docker-desktop-user-distro in Ubuntu][I] creating symlink for /usr/share/man/man1/docker-manifest-rm.1.gz
[2023-03-18T11:40:48.390852035Z][docker-desktop-user-distro in Ubuntu][I] creating symlink for /usr/share/man/man1/docker-manifest.1.gz
[2023-03-18T11:40:48.391519946Z][docker-desktop-user-distro in Ubuntu][I] creating symlink for /usr/share/man/man1/docker-network-connect.1.gz
[2023-03-18T11:40:48.392184220Z][docker-desktop-user-distro in Ubuntu][I] creating symlink for /usr/share/man/man1/docker-network-create.1.gz
[2023-03-18T11:40:48.392929254Z][docker-desktop-user-distro in Ubuntu][I] creating symlink for /usr/share/man/man1/docker-network-disconnect.1.gz
[2023-03-18T11:40:48.393647308Z][docker-desktop-user-distro in Ubuntu][I] creating symlink for /usr/share/man/man1/docker-network-inspect.1.gz
[2023-03-18T11:40:48.394273671Z][docker-desktop-user-distro in Ubuntu][I] creating symlink for /usr/share/man/man1/docker-network-ls.1.gz
[2023-03-18T11:40:48.394815258Z][docker-desktop-user-distro in Ubuntu][I] creating symlink for /usr/share/man/man1/docker-network-prune.1.gz
[2023-03-18T11:40:48.395525938Z][docker-desktop-user-distro in Ubuntu][I] creating symlink for /usr/share/man/man1/docker-network-rm.1.gz
[2023-03-18T11:40:48.396470503Z][docker-desktop-user-distro in Ubuntu][I] creating symlink for /usr/share/man/man1/docker-network.1.gz
[2023-03-18T11:40:48.397407694Z][docker-desktop-user-distro in Ubuntu][I] creating symlink for /usr/share/man/man1/docker-node-demote.1.gz
[2023-03-18T11:40:48.398350705Z][docker-desktop-user-distro in Ubuntu][I] creating symlink for /usr/share/man/man1/docker-node-inspect.1.gz
[2023-03-18T11:40:48.399010862Z][docker-desktop-user-distro in Ubuntu][I] creating symlink for /usr/share/man/man1/docker-node-ls.1.gz
[2023-03-18T11:40:48.399506002Z][docker-desktop-user-distro in Ubuntu][I] creating symlink for /usr/share/man/man1/docker-node-promote.1.gz
[2023-03-18T11:40:48.399956609Z][docker-desktop-user-distro in Ubuntu][I] creating symlink for /usr/share/man/man1/docker-node-ps.1.gz
[2023-03-18T11:40:48.400403880Z][docker-desktop-user-distro in Ubuntu][I] creating symlink for /usr/share/man/man1/docker-node-rm.1.gz
[2023-03-18T11:40:48.400902376Z][docker-desktop-user-distro in Ubuntu][I] creating symlink for /usr/share/man/man1/docker-node-update.1.gz
[2023-03-18T11:40:48.401473587Z][docker-desktop-user-distro in Ubuntu][I] creating symlink for /usr/share/man/man1/docker-node.1.gz
[2023-03-18T11:40:48.402004583Z][docker-desktop-user-distro in Ubuntu][I] creating symlink for /usr/share/man/man1/docker-pause.1.gz
[2023-03-18T11:40:48.402644923Z][docker-desktop-user-distro in Ubuntu][I] creating symlink for /usr/share/man/man1/docker-plugin-create.1.gz
[2023-03-18T11:40:48.403389576Z][docker-desktop-user-distro in Ubuntu][I] creating symlink for /usr/share/man/man1/docker-plugin-disable.1.gz
[2023-03-18T11:40:48.404022262Z][docker-desktop-user-distro in Ubuntu][I] creating symlink for /usr/share/man/man1/docker-plugin-enable.1.gz
[2023-03-18T11:40:48.404608401Z][docker-desktop-user-distro in Ubuntu][I] creating symlink for /usr/share/man/man1/docker-plugin-inspect.1.gz
[2023-03-18T11:40:48.405189199Z][docker-desktop-user-distro in Ubuntu][I] creating symlink for /usr/share/man/man1/docker-plugin-install.1.gz
[2023-03-18T11:40:48.406015815Z][docker-desktop-user-distro in Ubuntu][I] creating symlink for /usr/share/man/man1/docker-plugin-ls.1.gz
[2023-03-18T11:40:48.406629465Z][docker-desktop-user-distro in Ubuntu][I] creating symlink for /usr/share/man/man1/docker-plugin-push.1.gz
[2023-03-18T11:40:48.407173115Z][docker-desktop-user-distro in Ubuntu][I] creating symlink for /usr/share/man/man1/docker-plugin-rm.1.gz
[2023-03-18T11:40:48.408428100Z][docker-desktop-user-distro in Ubuntu][I] creating symlink for /usr/share/man/man1/docker-plugin-set.1.gz
[2023-03-18T11:40:48.408947916Z][docker-desktop-user-distro in Ubuntu][I] creating symlink for /usr/share/man/man1/docker-plugin-upgrade.1.gz
[2023-03-18T11:40:48.409569370Z][docker-desktop-user-distro in Ubuntu][I] creating symlink for /usr/share/man/man1/docker-plugin.1.gz
[2023-03-18T11:40:48.410016060Z][docker-desktop-user-distro in Ubuntu][I] creating symlink for /usr/share/man/man1/docker-port.1.gz
[2023-03-18T11:40:48.410574006Z][docker-desktop-user-distro in Ubuntu][I] creating symlink for /usr/share/man/man1/docker-ps.1.gz
[2023-03-18T11:40:48.411002202Z][docker-desktop-user-distro in Ubuntu][I] creating symlink for /usr/share/man/man1/docker-pull.1.gz
[2023-03-18T11:40:48.411409128Z][docker-desktop-user-distro in Ubuntu][I] creating symlink for /usr/share/man/man1/docker-push.1.gz
[2023-03-18T11:40:48.411830370Z][docker-desktop-user-distro in Ubuntu][I] creating symlink for /usr/share/man/man1/docker-rename.1.gz
[2023-03-18T11:40:48.412508300Z][docker-desktop-user-distro in Ubuntu][I] creating symlink for /usr/share/man/man1/docker-restart.1.gz
[2023-03-18T11:40:48.413601501Z][docker-desktop-user-distro in Ubuntu][I] creating symlink for /usr/share/man/man1/docker-rm.1.gz
[2023-03-18T11:40:48.414679114Z][docker-desktop-user-distro in Ubuntu][I] creating symlink for /usr/share/man/man1/docker-rmi.1.gz
[2023-03-18T11:40:48.415573616Z][docker-desktop-user-distro in Ubuntu][I] creating symlink for /usr/share/man/man1/docker-run.1.gz
[2023-03-18T11:40:48.416400853Z][docker-desktop-user-distro in Ubuntu][I] creating symlink for /usr/share/man/man1/docker-save.1.gz
[2023-03-18T11:40:48.418147228Z][docker-desktop-user-distro in Ubuntu][I] creating symlink for /usr/share/man/man1/docker-search.1.gz
[2023-03-18T11:40:48.418882945Z][docker-desktop-user-distro in Ubuntu][I] creating symlink for /usr/share/man/man1/docker-secret-create.1.gz
[2023-03-18T11:40:48.419423559Z][docker-desktop-user-distro in Ubuntu][I] creating symlink for /usr/share/man/man1/docker-secret-inspect.1.gz
[2023-03-18T11:40:48.420422856Z][docker-desktop-user-distro in Ubuntu][I] creating symlink for /usr/share/man/man1/docker-secret-ls.1.gz
[2023-03-18T11:40:48.421385395Z][docker-desktop-user-distro in Ubuntu][I] creating symlink for /usr/share/man/man1/docker-secret-rm.1.gz
[2023-03-18T11:40:48.421942046Z][docker-desktop-user-distro in Ubuntu][I] (67598983-1) 6a23b4dd-cross-distro S<-C a24544a6-cross-distro-router GET /check
[common/pkg/linuxworkspaces.CrossDistroClient.CheckDistro(...)
[	common/pkg/linuxworkspaces/api.go:60
[main.StartCrossDistroServer.func2({0xa528e8, 0xc0001b0380})
[	linuxkit/pkg/wsl-bootstrap/cross-distro-service.go:61 +0x4eb
[2023-03-18T11:40:48.422400938Z][docker-desktop-user-distro in Ubuntu][I] (67598983-1-1) a922afea-CrossDistroService C->S WSL2DistroProxy GET /desktop-diagnostics/ping
[2023-03-18T11:40:48.422302749Z][docker-desktop-user-distro in Ubuntu][I] creating symlink for /usr/share/man/man1/docker-secret.1.gz
[2023-03-18T11:40:48.423612262Z][docker-desktop-user-distro in Ubuntu][I] creating symlink for /usr/share/man/man1/docker-service-create.1.gz
[2023-03-18T11:40:48.424244527Z][docker-desktop-user-distro in Ubuntu][I] creating symlink for /usr/share/man/man1/docker-service-inspect.1.gz
[2023-03-18T11:40:48.424833782Z][docker-desktop-user-distro in Ubuntu][I] creating symlink for /usr/share/man/man1/docker-service-logs.1.gz
[2023-03-18T11:40:48.425709336Z][docker-desktop-user-distro in Ubuntu][I] creating symlink for /usr/share/man/man1/docker-service-ls.1.gz
[2023-03-18T11:40:48.469609349Z][docker-desktop-user-distro in Ubuntu][I] creating symlink for /usr/share/man/man1/docker-service-ps.1.gz
[2023-03-18T11:40:48.469854560Z][docker-desktop-user-distro in Ubuntu][I] (67598983-1-1) a922afea-CrossDistroService C<-S UnknownServer GET /desktop-diagnostics/ping (47.438012ms): OK
[2023-03-18T11:40:48.470361716Z][docker-desktop-user-distro in Ubuntu][I] creating symlink for /usr/share/man/man1/docker-service-rm.1.gz
[2023-03-18T11:40:48.470848200Z][docker-desktop-user-distro in Ubuntu][I] (67598983-1) 6a23b4dd-cross-distro S->C a24544a6-cross-distro-router GET /check (48.937432ms): OK
[2023-03-18T11:40:48.471444710Z][docker-desktop-user-distro in Ubuntu][I] creating symlink for /usr/share/man/man1/docker-service-rollback.1.gz
[2023-03-18T11:40:48.472220239Z][docker-desktop-user-distro in Ubuntu][I] creating symlink for /usr/share/man/man1/docker-service-scale.1.gz
[2023-03-18T11:40:48.472903739Z][docker-desktop-user-distro in Ubuntu][I] creating symlink for /usr/share/man/man1/docker-service-update.1.gz
[2023-03-18T11:40:48.473711249Z][docker-desktop-user-distro in Ubuntu][I] creating symlink for /usr/share/man/man1/docker-service.1.gz
[2023-03-18T11:40:48.474430695Z][docker-desktop-user-distro in Ubuntu][I] creating symlink for /usr/share/man/man1/docker-stack-deploy.1.gz
[2023-03-18T11:40:48.475097153Z][docker-desktop-user-distro in Ubuntu][I] creating symlink for /usr/share/man/man1/docker-stack-ls.1.gz
[2023-03-18T11:40:48.475762008Z][docker-desktop-user-distro in Ubuntu][I] creating symlink for /usr/share/man/man1/docker-stack-ps.1.gz
[2023-03-18T11:40:48.476560542Z][docker-desktop-user-distro in Ubuntu][I] creating symlink for /usr/share/man/man1/docker-stack-rm.1.gz
[2023-03-18T11:40:48.477423595Z][docker-desktop-user-distro in Ubuntu][I] creating symlink for /usr/share/man/man1/docker-stack-services.1.gz
[2023-03-18T11:40:48.478017839Z][docker-desktop-user-distro in Ubuntu][I] creating symlink for /usr/share/man/man1/docker-stack.1.gz
[2023-03-18T11:40:48.478680440Z][docker-desktop-user-distro in Ubuntu][I] creating symlink for /usr/share/man/man1/docker-start.1.gz
[2023-03-18T11:40:48.479874811Z][docker-desktop-user-distro in Ubuntu][I] creating symlink for /usr/share/man/man1/docker-stats.1.gz
[2023-03-18T11:40:48.481192517Z][docker-desktop-user-distro in Ubuntu][I] creating symlink for /usr/share/man/man1/docker-stop.1.gz
[2023-03-18T11:40:48.482468920Z][docker-desktop-user-distro in Ubuntu][I] creating symlink for /usr/share/man/man1/docker-swarm-ca.1.gz
[2023-03-18T11:40:48.484190460Z][docker-desktop-user-distro in Ubuntu][I] creating symlink for /usr/share/man/man1/docker-swarm-init.1.gz
[2023-03-18T11:40:48.485366723Z][docker-desktop-user-distro in Ubuntu][I] creating symlink for /usr/share/man/man1/docker-swarm-join-token.1.gz
[2023-03-18T11:40:48.486089105Z][docker-desktop-user-distro in Ubuntu][I] creating symlink for /usr/share/man/man1/docker-swarm-join.1.gz
[2023-03-18T11:40:48.486716992Z][docker-desktop-user-distro in Ubuntu][I] creating symlink for /usr/share/man/man1/docker-swarm-leave.1.gz
[2023-03-18T11:40:48.487766101Z][docker-desktop-user-distro in Ubuntu][I] creating symlink for /usr/share/man/man1/docker-swarm-unlock-key.1.gz
[2023-03-18T11:40:48.488416720Z][docker-desktop-user-distro in Ubuntu][I] creating symlink for /usr/share/man/man1/docker-swarm-unlock.1.gz
[2023-03-18T11:40:48.489171873Z][docker-desktop-user-distro in Ubuntu][I] creating symlink for /usr/share/man/man1/docker-swarm-update.1.gz
[2023-03-18T11:40:48.489901299Z][docker-desktop-user-distro in Ubuntu][I] creating symlink for /usr/share/man/man1/docker-swarm.1.gz
[2023-03-18T11:40:48.490591451Z][docker-desktop-user-distro in Ubuntu][I] creating symlink for /usr/share/man/man1/docker-system-df.1.gz
[2023-03-18T11:40:48.491241198Z][docker-desktop-user-distro in Ubuntu][I] creating symlink for /usr/share/man/man1/docker-system-events.1.gz
[2023-03-18T11:40:48.491882700Z][docker-desktop-user-distro in Ubuntu][I] creating symlink for /usr/share/man/man1/docker-system-info.1.gz
[2023-03-18T11:40:48.492406804Z][docker-desktop-user-distro in Ubuntu][I] creating symlink for /usr/share/man/man1/docker-system-prune.1.gz
[2023-03-18T11:40:48.493037726Z][docker-desktop-user-distro in Ubuntu][I] creating symlink for /usr/share/man/man1/docker-system.1.gz
[2023-03-18T11:40:48.493996237Z][docker-desktop-user-distro in Ubuntu][I] creating symlink for /usr/share/man/man1/docker-tag.1.gz
[2023-03-18T11:40:48.494630485Z][docker-desktop-user-distro in Ubuntu][I] creating symlink for /usr/share/man/man1/docker-top.1.gz
[2023-03-18T11:40:48.495094257Z][docker-desktop-user-distro in Ubuntu][I] creating symlink for /usr/share/man/man1/docker-trust-inspect.1.gz
[2023-03-18T11:40:48.495646563Z][docker-desktop-user-distro in Ubuntu][I] creating symlink for /usr/share/man/man1/docker-trust-key-generate.1.gz
[2023-03-18T11:40:48.496486864Z][docker-desktop-user-distro in Ubuntu][I] creating symlink for /usr/share/man/man1/docker-trust-key-load.1.gz
[2023-03-18T11:40:48.497455533Z][docker-desktop-user-distro in Ubuntu][I] creating symlink for /usr/share/man/man1/docker-trust-key.1.gz
[2023-03-18T11:40:48.498416879Z][docker-desktop-user-distro in Ubuntu][I] creating symlink for /usr/share/man/man1/docker-trust-revoke.1.gz
[2023-03-18T11:40:48.499493900Z][docker-desktop-user-distro in Ubuntu][I] creating symlink for /usr/share/man/man1/docker-trust-sign.1.gz
[2023-03-18T11:40:48.500593353Z][docker-desktop-user-distro in Ubuntu][I] creating symlink for /usr/share/man/man1/docker-trust-signer-add.1.gz
[2023-03-18T11:40:48.501626292Z][docker-desktop-user-distro in Ubuntu][I] creating symlink for /usr/share/man/man1/docker-trust-signer-remove.1.gz
[2023-03-18T11:40:48.502518242Z][docker-desktop-user-distro in Ubuntu][I] creating symlink for /usr/share/man/man1/docker-trust-signer.1.gz
[2023-03-18T11:40:48.503556810Z][docker-desktop-user-distro in Ubuntu][I] creating symlink for /usr/share/man/man1/docker-trust.1.gz
[2023-03-18T11:40:48.504839070Z][docker-desktop-user-distro in Ubuntu][I] creating symlink for /usr/share/man/man1/docker-unpause.1.gz
[2023-03-18T11:40:48.505394382Z][docker-desktop-user-distro in Ubuntu][I] creating symlink for /usr/share/man/man1/docker-update.1.gz
[2023-03-18T11:40:48.505942450Z][docker-desktop-user-distro in Ubuntu][I] creating symlink for /usr/share/man/man1/docker-version.1.gz
[2023-03-18T11:40:48.506466283Z][docker-desktop-user-distro in Ubuntu][I] creating symlink for /usr/share/man/man1/docker-volume-create.1.gz
[2023-03-18T11:40:48.506945523Z][docker-desktop-user-distro in Ubuntu][I] creating symlink for /usr/share/man/man1/docker-volume-inspect.1.gz
[2023-03-18T11:40:48.507389468Z][docker-desktop-user-distro in Ubuntu][I] creating symlink for /usr/share/man/man1/docker-volume-ls.1.gz
[2023-03-18T11:40:48.507846777Z][docker-desktop-user-distro in Ubuntu][I] creating symlink for /usr/share/man/man1/docker-volume-prune.1.gz
[2023-03-18T11:40:48.508323413Z][docker-desktop-user-distro in Ubuntu][I] creating symlink for /usr/share/man/man1/docker-volume-rm.1.gz
[2023-03-18T11:40:48.508812241Z][docker-desktop-user-distro in Ubuntu][I] creating symlink for /usr/share/man/man1/docker-volume.1.gz
[2023-03-18T11:40:48.509331966Z][docker-desktop-user-distro in Ubuntu][I] creating symlink for /usr/share/man/man1/docker-wait.1.gz
[2023-03-18T11:40:48.509729575Z][docker-desktop-user-distro in Ubuntu][I] creating symlink for /usr/share/man/man1/docker.1.gz
[2023-03-18T11:40:48.594186453Z][docker-desktop-user-distro in Ubuntu][I] creating symlink for /usr/share/man/man5/Dockerfile.5.gz
[2023-03-18T11:40:48.595054846Z][docker-desktop-user-distro in Ubuntu][I] creating symlink for /usr/share/man/man5/docker-config-json.5.gz
[2023-03-18T11:40:48.644235959Z][docker-desktop-user-distro in Ubuntu][I] creating symlink for /usr/share/man/man8/dockerd.8.gz
[2023-03-18T11:40:48.700850601Z][docker-desktop-user-distro in Ubuntu][I] creating symlink for /usr/share/zsh/vendor-completions/_docker
[2023-03-18T11:40:48.701646149Z][docker-desktop-user-distro in Ubuntu][I] cli tools successfully installed
[2023-03-18T11:40:48.702161837Z][docker-desktop-user-distro in Ubuntu][I] docker-desktop-user-distro proxy has started
[2023-03-18T11:41:18.805265303Z][docker-desktop-user-distro in Ubuntu][I] proxy >> HEAD /_ping
[2023-03-18T11:41:18.807045361Z][docker-desktop-user-distro in Ubuntu][I] proxy << HEAD /_ping (1.793463ms)
[2023-03-18T11:41:18.901116569Z][docker-desktop-user-distro in Ubuntu][I] proxy >> HEAD /_ping
[2023-03-18T11:41:18.902868455Z][docker-desktop-user-distro in Ubuntu][I] proxy << HEAD /_ping (1.765402ms)
[2023-03-18T11:41:18.915750625Z][docker-desktop-user-distro in Ubuntu][I] proxy >> GET /v1.41/containers/json?all=1&filters=%7B%22label%22%3A%7B%22com.docker.compose.oneoff%3DFalse%22%3Atrue%2C%22com.docker.compose.project%3Dudemy-reversi-webapp%22%3Atrue%7D%7D
[2023-03-18T11:41:18.925293807Z][docker-desktop-user-distro in Ubuntu][I] proxy << GET /v1.41/containers/json?all=1&filters=%7B%22label%22%3A%7B%22com.docker.compose.oneoff%3DFalse%22%3Atrue%2C%22com.docker.compose.project%3Dudemy-reversi-webapp%22%3Atrue%7D%7D (9.545747ms)
[2023-03-18T11:41:18.926246920Z][docker-desktop-user-distro in Ubuntu][I] proxy >> GET /v1.41/volumes?filters=%7B%22label%22%3A%7B%22com.docker.compose.project%3Dudemy-reversi-webapp%22%3Atrue%7D%7D
[2023-03-18T11:41:18.929259489Z][docker-desktop-user-distro in Ubuntu][I] proxy << GET /v1.41/volumes?filters=%7B%22label%22%3A%7B%22com.docker.compose.project%3Dudemy-reversi-webapp%22%3Atrue%7D%7D (2.99732ms)
[2023-03-18T11:41:18.930425077Z][docker-desktop-user-distro in Ubuntu][I] proxy >> GET /v1.41/networks?filters=%7B%22label%22%3A%7B%22com.docker.compose.project%3Dudemy-reversi-webapp%22%3Atrue%7D%7D
[2023-03-18T11:41:18.934102984Z][docker-desktop-user-distro in Ubuntu][I] proxy << GET /v1.41/networks?filters=%7B%22label%22%3A%7B%22com.docker.compose.project%3Dudemy-reversi-webapp%22%3Atrue%7D%7D (3.669522ms)
[2023-03-18T11:41:18.935853559Z][docker-desktop-user-distro in Ubuntu][I] proxy >> GET /v1.41/events?filters=%7B%22label%22%3A%7B%22com.docker.compose.project%3Dudemy-reversi-webapp%22%3Atrue%7D%7D
[2023-03-18T11:41:18.936278672Z][docker-desktop-user-distro in Ubuntu][I] proxy >> GET /v1.41/containers/e5a278ba640a81d6688a9a6c11b5f460cf1ac5c19e9de848b063ed159b5c56cf/json
[2023-03-18T11:41:18.947875144Z][docker-desktop-user-distro in Ubuntu][I] proxy << GET /v1.41/containers/e5a278ba640a81d6688a9a6c11b5f460cf1ac5c19e9de848b063ed159b5c56cf/json (11.602353ms)
[2023-03-18T11:41:18.949868216Z][docker-desktop-user-distro in Ubuntu][I] proxy >> GET /v1.41/containers/e5a278ba640a81d6688a9a6c11b5f460cf1ac5c19e9de848b063ed159b5c56cf/logs?follow=1&stderr=1&stdout=1&tail=99999&timestamps=1
[2023-03-18T11:41:18.966759583Z][docker-desktop-user-distro in Ubuntu][I] proxy << GET /v1.41/containers/e5a278ba640a81d6688a9a6c11b5f460cf1ac5c19e9de848b063ed159b5c56cf/logs?follow=1&stderr=1&stdout=1&tail=99999&timestamps=1 (16.890475ms)
[2023-03-18T19:31:14.510404391Z][docker-desktop-user-distro in Ubuntu][I] da688430-LinuxProxyCMD /proxy-control <-- [2023-03-19T04:31:14.502461201+09:00] (42626504) ipc disconnected : <nil>
[2023-03-18T19:31:14.529158834Z][docker-desktop-user-distro in Ubuntu][I] da688430-LinuxProxyCMD /pause/state <-- [2023-03-19T04:31:14.503996669+09:00] (5d4f5939) ipc disconnected : <nil>
-------------------------------------------------------------------------------->8
-------------------------------------------------------------------------------->8
[2023-03-19T06:47:33.126458489Z][docker-desktop-user-distro][I] syncContextStores <HOME>/.docker/contexts <-> /mnt/c/Users/Owner/.docker/contexts
[2023-03-19T06:47:33.137863181Z][docker-desktop-user-distro][I] syncContextStores <HOME>/.docker/contexts <-> /mnt/c/Users/Owner/.docker/contexts: syncNoop
-------------------------------------------------------------------------------->8
-------------------------------------------------------------------------------->8
[2023-03-19T06:47:33.813202666Z][docker-desktop-user-distro][I] linkPathToWindows windowsPath = /mnt/c/Users/Owner/.aws, linkPath = <HOME>/.aws
[2023-03-19T06:47:33.832611173Z][docker-desktop-user-distro][I] no need to symlink <HOME>/.aws to /mnt/c/Users/Owner/.aws: they are the same path already
-------------------------------------------------------------------------------->8
-------------------------------------------------------------------------------->8
[2023-03-19T06:47:34.749420272Z][docker-desktop-user-distro][I] linkPathToWindows windowsPath = /mnt/c/Users/Owner/.azure, linkPath = <HOME>/.azure
[2023-03-19T06:47:34.770002540Z][docker-desktop-user-distro][I] no need to symlink <HOME>/.azure to /mnt/c/Users/Owner/.azure: they are the same path already
-------------------------------------------------------------------------------->8
-------------------------------------------------------------------------------->8
[2023-03-19T06:47:35.586621417Z][docker-desktop-user-distro][I] linkPathToWindows windowsPath = /mnt/c/Users/Owner/.docker/features.json, linkPath = ~/.docker/features.json
-------------------------------------------------------------------------------->8
-------------------------------------------------------------------------------->8
[2023-03-19T06:47:37.451616329Z][docker-desktop-user-distro][I] set path configuration to InsideWslWorkspace
[2023-03-19T06:47:37.452969310Z][docker-desktop-user-distro in Ubuntu][I] changed the mode of the socket /mnt/wsl/docker-desktop/shared-sockets/host-services/extension-manager.sock to 0660
[2023-03-19T06:47:37.453422497Z][docker-desktop-user-distro in Ubuntu][I] ipc.NewClient: 3cff2717-LinuxProxyCMD -> /mnt/wsl/docker-desktop/shared-sockets/host-services/backend.sock BackendAPI
[2023-03-19T06:47:37.453942129Z][docker-desktop-user-distro in Ubuntu][I] 397fc3b7-proxyControl : registering GET /ping
[2023-03-19T06:47:37.454316720Z][docker-desktop-user-distro in Ubuntu][I] 397fc3b7-proxyControl : registering GET /
[2023-03-19T06:47:37.454667556Z][docker-desktop-user-distro in Ubuntu][I] 397fc3b7-proxyControl : registering GET /goroutines/stacks
[2023-03-19T06:47:37.455026487Z][docker-desktop-user-distro in Ubuntu][I] ipc.NewServer: 397fc3b7-proxyControl <- /mnt/wsl/docker-desktop/shared-sockets/proxy-control-Ubuntu.sock
[2023-03-19T06:47:37.455443047Z][docker-desktop-user-distro in Ubuntu][I] 397fc3b7-proxyControl : registering GET /proxy/is-restricted
[2023-03-19T06:47:37.457955318Z][docker-desktop-user-distro in Ubuntu][I] starting 397fc3b7-proxyControl for component ProxyControlPKG on /mnt/wsl/docker-desktop/shared-sockets/proxy-control-Ubuntu.sock
[2023-03-19T06:47:37.458482001Z][docker-desktop-user-distro in Ubuntu][I] ipc.NewClient: a60e1e8c-WSLIntegrationProxy -> /mnt/wsl/docker-desktop/shared-sockets/host-services/backend.sock BackendCLI
[2023-03-19T06:47:37.459391242Z][docker-desktop-user-distro in Ubuntu][I] 3cff2717-LinuxProxyCMD /proxy-control <-- [2023-03-19T15:47:37.457810437+09:00] (9d859e6c) ipc connecting : <nil>
[2023-03-19T06:47:37.459524768Z][docker-desktop-user-distro in Ubuntu][I] starting 7a911d3b-dockerCLISock for component WSLIntegrationProxy on /var/run/docker-cli.sock
[2023-03-19T06:47:37.459558070Z][docker-desktop-user-distro in Ubuntu][I] b178e196-cross-distro : registering GET /ping
[2023-03-19T06:47:37.459560618Z][docker-desktop-user-distro in Ubuntu][I] add ProxyAutoResume middleware
[2023-03-19T06:47:37.469094523Z][docker-desktop-user-distro in Ubuntu][I] b178e196-cross-distro : registering GET /
[2023-03-19T06:47:37.469972293Z][docker-desktop-user-distro in Ubuntu][I] b178e196-cross-distro : registering GET /goroutines/stacks
[2023-03-19T06:47:37.470511031Z][docker-desktop-user-distro in Ubuntu][I] ipc.NewServer: b178e196-cross-distro <- /mnt/wsl/docker-desktop/shared-sockets/guest-services/distro-services/ubuntu.sock
[2023-03-19T06:47:37.470878829Z][docker-desktop-user-distro in Ubuntu][I] b178e196-cross-distro : registering POST /add-mount
[2023-03-19T06:47:37.471286591Z][docker-desktop-user-distro in Ubuntu][I] b178e196-cross-distro : registering POST /write
[2023-03-19T06:47:37.471648659Z][docker-desktop-user-distro in Ubuntu][I] ipc.NewClient: 11325e66-CrossDistroService -> /var/run/docker.sock WSL2DistroProxy
[2023-03-19T06:47:37.472022818Z][docker-desktop-user-distro in Ubuntu][I] b178e196-cross-distro : registering GET /check
[2023-03-19T06:47:37.470691188Z][docker-desktop-user-distro in Ubuntu][W] loading versions: unmarshalling components version: open /opt/docker-desktop/componentsVersion.json: no such file or directory
[2023-03-19T06:47:37.469742458Z][docker-desktop-user-distro in Ubuntu][I] 3cff2717-LinuxProxyCMD /pause/state <-- [2023-03-19T15:47:37.469707813+09:00] (7c30c452) ipc connecting : <nil>
[2023-03-19T06:47:37.477408304Z][docker-desktop-user-distro in Ubuntu][I] starting b178e196-cross-distro for component Ubuntu on /mnt/wsl/docker-desktop/shared-sockets/guest-services/distro-services/ubuntu.sock
[2023-03-19T06:47:37.481755162Z][docker-desktop-user-distro in Ubuntu][I] 3cff2717-LinuxProxyCMD /proxy-control <-- [2023-03-19T15:47:16.928807700+09:00] (9c3593b6) proxy  : {"Locked":false,"Restricted":false}
[2023-03-19T06:47:37.482427680Z][docker-desktop-user-distro in Ubuntu][I] 3cff2717-LinuxProxyCMD /proxy-control <-- [2023-03-19T15:47:37.477157000+09:00] (d6bf095b) ipc ready : <nil>
[2023-03-19T06:47:37.485565034Z][docker-desktop-user-distro in Ubuntu][I] 3cff2717-LinuxProxyCMD /pause/state <-- [2023-03-19T15:47:12.625357900+09:00] (830ca40b) pause resumed : init
[2023-03-19T06:47:37.486062023Z][docker-desktop-user-distro in Ubuntu][I] 3cff2717-LinuxProxyCMD /pause/state <-- [2023-03-19T15:47:37.481843300+09:00] (e199a291) ipc ready : <nil>
[2023-03-19T06:47:37.498279060Z][docker-desktop-user-distro in Ubuntu][I] creating symlink for /usr/bin/docker-credential-desktop.exe
[2023-03-19T06:47:37.498978979Z][docker-desktop-user-distro in Ubuntu][I] cli tools directory /mnt/wsl/docker-desktop/cli-tools has contents
[2023-03-19T06:47:37.499421948Z][docker-desktop-user-distro in Ubuntu][I] populating cli tools from /mnt/wsl/docker-desktop/cli-tools
[2023-03-19T06:47:37.500366617Z][docker-desktop-user-distro in Ubuntu][I] creating symlink for /usr/bin/com.docker.cli
[2023-03-19T06:47:37.501026571Z][docker-desktop-user-distro in Ubuntu][I] creating symlink for /usr/bin/docker
[2023-03-19T06:47:37.501539030Z][docker-desktop-user-distro in Ubuntu][I] creating symlink for /usr/bin/docker-compose
[2023-03-19T06:47:37.502096713Z][docker-desktop-user-distro in Ubuntu][I] creating symlink for /usr/bin/docker-compose-v1
[2023-03-19T06:47:37.503464249Z][docker-desktop-user-distro in Ubuntu][I] creating symlink for /usr/bin/docker-index
[2023-03-19T06:47:37.504032471Z][docker-desktop-user-distro in Ubuntu][I] creating symlink for /usr/bin/hub-tool
[2023-03-19T06:47:37.505308049Z][docker-desktop-user-distro in Ubuntu][I] creating symlink for /usr/local/bin/kubectl
[2023-03-19T06:47:37.506477817Z][docker-desktop-user-distro in Ubuntu][I] creating symlink for /usr/local/lib/docker/cli-plugins/docker-buildx
[2023-03-19T06:47:37.507690566Z][docker-desktop-user-distro in Ubuntu][I] creating symlink for /usr/local/lib/docker/cli-plugins/docker-compose
[2023-03-19T06:47:37.508664317Z][docker-desktop-user-distro in Ubuntu][I] creating symlink for /usr/local/lib/docker/cli-plugins/docker-dev
[2023-03-19T06:47:37.509611198Z][docker-desktop-user-distro in Ubuntu][I] creating symlink for /usr/local/lib/docker/cli-plugins/docker-extension
[2023-03-19T06:47:37.510682703Z][docker-desktop-user-distro in Ubuntu][I] creating symlink for /usr/local/lib/docker/cli-plugins/docker-sbom
[2023-03-19T06:47:37.521009506Z][docker-desktop-user-distro in Ubuntu][I] creating symlink for /usr/local/lib/docker/cli-plugins/docker-scan
[2023-03-19T06:47:37.521859115Z][docker-desktop-user-distro in Ubuntu][I] creating symlink for /usr/local/lib/docker/cli-plugins/docker-scout
[2023-03-19T06:47:37.522739703Z][docker-desktop-user-distro in Ubuntu][I] creating symlink for /usr/local/lib/docker/snyk
[2023-03-19T06:47:37.525203601Z][docker-desktop-user-distro in Ubuntu][I] creating symlink for /usr/share/bash-completion/completions/docker
[2023-03-19T06:47:37.528848779Z][docker-desktop-user-distro in Ubuntu][I] creating symlink for /usr/share/doc/docker-ce-cli/changelog.Debian.gz
[2023-03-19T06:47:37.538309528Z][docker-desktop-user-distro in Ubuntu][I] creating symlink for /usr/share/fish/vendor_completions.d/docker.fish
[2023-03-19T06:47:37.544831675Z][docker-desktop-user-distro in Ubuntu][I] creating symlink for /usr/share/man/man1/docker-attach.1.gz
[2023-03-19T06:47:37.545793384Z][docker-desktop-user-distro in Ubuntu][I] creating symlink for /usr/share/man/man1/docker-build.1.gz
[2023-03-19T06:47:37.546761805Z][docker-desktop-user-distro in Ubuntu][I] creating symlink for /usr/share/man/man1/docker-builder-build.1.gz
[2023-03-19T06:47:37.547622705Z][docker-desktop-user-distro in Ubuntu][I] creating symlink for /usr/share/man/man1/docker-builder-prune.1.gz
[2023-03-19T06:47:37.548476262Z][docker-desktop-user-distro in Ubuntu][I] creating symlink for /usr/share/man/man1/docker-builder.1.gz
[2023-03-19T06:47:37.549317115Z][docker-desktop-user-distro in Ubuntu][I] creating symlink for /usr/share/man/man1/docker-checkpoint-create.1.gz
[2023-03-19T06:47:37.550350728Z][docker-desktop-user-distro in Ubuntu][I] creating symlink for /usr/share/man/man1/docker-checkpoint-ls.1.gz
[2023-03-19T06:47:37.551319660Z][docker-desktop-user-distro in Ubuntu][I] creating symlink for /usr/share/man/man1/docker-checkpoint-rm.1.gz
[2023-03-19T06:47:37.552129756Z][docker-desktop-user-distro in Ubuntu][I] creating symlink for /usr/share/man/man1/docker-checkpoint.1.gz
[2023-03-19T06:47:37.552940151Z][docker-desktop-user-distro in Ubuntu][I] creating symlink for /usr/share/man/man1/docker-commit.1.gz
[2023-03-19T06:47:37.565163747Z][docker-desktop-user-distro in Ubuntu][I] creating symlink for /usr/share/man/man1/docker-config-create.1.gz
[2023-03-19T06:47:37.566025800Z][docker-desktop-user-distro in Ubuntu][I] creating symlink for /usr/share/man/man1/docker-config-inspect.1.gz
[2023-03-19T06:47:37.566993044Z][docker-desktop-user-distro in Ubuntu][I] creating symlink for /usr/share/man/man1/docker-config-ls.1.gz
[2023-03-19T06:47:37.567946347Z][docker-desktop-user-distro in Ubuntu][I] creating symlink for /usr/share/man/man1/docker-config-rm.1.gz
[2023-03-19T06:47:37.568743989Z][docker-desktop-user-distro in Ubuntu][I] creating symlink for /usr/share/man/man1/docker-config.1.gz
[2023-03-19T06:47:37.569516594Z][docker-desktop-user-distro in Ubuntu][I] creating symlink for /usr/share/man/man1/docker-container-attach.1.gz
[2023-03-19T06:47:37.570327340Z][docker-desktop-user-distro in Ubuntu][I] creating symlink for /usr/share/man/man1/docker-container-commit.1.gz
[2023-03-19T06:47:37.571092742Z][docker-desktop-user-distro in Ubuntu][I] creating symlink for /usr/share/man/man1/docker-container-cp.1.gz
[2023-03-19T06:47:37.581141927Z][docker-desktop-user-distro in Ubuntu][I] creating symlink for /usr/share/man/man1/docker-container-create.1.gz
[2023-03-19T06:47:37.582318127Z][docker-desktop-user-distro in Ubuntu][I] creating symlink for /usr/share/man/man1/docker-container-diff.1.gz
[2023-03-19T06:47:37.583172595Z][docker-desktop-user-distro in Ubuntu][I] creating symlink for /usr/share/man/man1/docker-container-exec.1.gz
[2023-03-19T06:47:37.583956652Z][docker-desktop-user-distro in Ubuntu][I] creating symlink for /usr/share/man/man1/docker-container-export.1.gz
[2023-03-19T06:47:37.584740237Z][docker-desktop-user-distro in Ubuntu][I] creating symlink for /usr/share/man/man1/docker-container-inspect.1.gz
[2023-03-19T06:47:37.585568507Z][docker-desktop-user-distro in Ubuntu][I] creating symlink for /usr/share/man/man1/docker-container-kill.1.gz
[2023-03-19T06:47:37.586430905Z][docker-desktop-user-distro in Ubuntu][I] creating symlink for /usr/share/man/man1/docker-container-logs.1.gz
[2023-03-19T06:47:37.587303677Z][docker-desktop-user-distro in Ubuntu][I] creating symlink for /usr/share/man/man1/docker-container-ls.1.gz
[2023-03-19T06:47:37.588082284Z][docker-desktop-user-distro in Ubuntu][I] creating symlink for /usr/share/man/man1/docker-container-pause.1.gz
[2023-03-19T06:47:37.588903059Z][docker-desktop-user-distro in Ubuntu][I] creating symlink for /usr/share/man/man1/docker-container-port.1.gz
[2023-03-19T06:47:37.589720047Z][docker-desktop-user-distro in Ubuntu][I] creating symlink for /usr/share/man/man1/docker-container-prune.1.gz
[2023-03-19T06:47:37.590598871Z][docker-desktop-user-distro in Ubuntu][I] creating symlink for /usr/share/man/man1/docker-container-rename.1.gz
[2023-03-19T06:47:37.591435696Z][docker-desktop-user-distro in Ubuntu][I] creating symlink for /usr/share/man/man1/docker-container-restart.1.gz
[2023-03-19T06:47:37.593603127Z][docker-desktop-user-distro in Ubuntu][I] creating symlink for /usr/share/man/man1/docker-container-rm.1.gz
[2023-03-19T06:47:37.594610050Z][docker-desktop-user-distro in Ubuntu][I] creating symlink for /usr/share/man/man1/docker-container-run.1.gz
[2023-03-19T06:47:37.595567141Z][docker-desktop-user-distro in Ubuntu][I] creating symlink for /usr/share/man/man1/docker-container-start.1.gz
[2023-03-19T06:47:37.596453839Z][docker-desktop-user-distro in Ubuntu][I] creating symlink for /usr/share/man/man1/docker-container-stats.1.gz
[2023-03-19T06:47:37.597389750Z][docker-desktop-user-distro in Ubuntu][I] creating symlink for /usr/share/man/man1/docker-container-stop.1.gz
[2023-03-19T06:47:37.598406642Z][docker-desktop-user-distro in Ubuntu][I] creating symlink for /usr/share/man/man1/docker-container-top.1.gz
[2023-03-19T06:47:37.599304501Z][docker-desktop-user-distro in Ubuntu][I] creating symlink for /usr/share/man/man1/docker-container-unpause.1.gz
[2023-03-19T06:47:37.600924136Z][docker-desktop-user-distro in Ubuntu][I] creating symlink for /usr/share/man/man1/docker-container-update.1.gz
[2023-03-19T06:47:37.603920751Z][docker-desktop-user-distro in Ubuntu][I] creating symlink for /usr/share/man/man1/docker-container-wait.1.gz
[2023-03-19T06:47:37.610725958Z][docker-desktop-user-distro in Ubuntu][I] creating symlink for /usr/share/man/man1/docker-container.1.gz
[2023-03-19T06:47:37.611569285Z][docker-desktop-user-distro in Ubuntu][I] creating symlink for /usr/share/man/man1/docker-context-create.1.gz
[2023-03-19T06:47:37.612407162Z][docker-desktop-user-distro in Ubuntu][I] creating symlink for /usr/share/man/man1/docker-context-export.1.gz
[2023-03-19T06:47:37.613276108Z][docker-desktop-user-distro in Ubuntu][I] creating symlink for /usr/share/man/man1/docker-context-import.1.gz
[2023-03-19T06:47:37.614132480Z][docker-desktop-user-distro in Ubuntu][I] creating symlink for /usr/share/man/man1/docker-context-inspect.1.gz
[2023-03-19T06:47:37.614978412Z][docker-desktop-user-distro in Ubuntu][I] creating symlink for /usr/share/man/man1/docker-context-ls.1.gz
[2023-03-19T06:47:37.615760595Z][docker-desktop-user-distro in Ubuntu][I] creating symlink for /usr/share/man/man1/docker-context-rm.1.gz
[2023-03-19T06:47:37.616570921Z][docker-desktop-user-distro in Ubuntu][I] creating symlink for /usr/share/man/man1/docker-context-update.1.gz
[2023-03-19T06:47:37.617401234Z][docker-desktop-user-distro in Ubuntu][I] creating symlink for /usr/share/man/man1/docker-context-use.1.gz
[2023-03-19T06:47:37.618176814Z][docker-desktop-user-distro in Ubuntu][I] creating symlink for /usr/share/man/man1/docker-context.1.gz
[2023-03-19T06:47:37.619070332Z][docker-desktop-user-distro in Ubuntu][I] creating symlink for /usr/share/man/man1/docker-cp.1.gz
[2023-03-19T06:47:37.619862053Z][docker-desktop-user-distro in Ubuntu][I] creating symlink for /usr/share/man/man1/docker-create.1.gz
[2023-03-19T06:47:37.623073188Z][docker-desktop-user-distro in Ubuntu][I] creating symlink for /usr/share/man/man1/docker-diff.1.gz
[2023-03-19T06:47:37.630973495Z][docker-desktop-user-distro in Ubuntu][I] creating symlink for /usr/share/man/man1/docker-events.1.gz
[2023-03-19T06:47:37.631789391Z][docker-desktop-user-distro in Ubuntu][I] creating symlink for /usr/share/man/man1/docker-exec.1.gz
[2023-03-19T06:47:37.632586602Z][docker-desktop-user-distro in Ubuntu][I] creating symlink for /usr/share/man/man1/docker-export.1.gz
[2023-03-19T06:47:37.633334641Z][docker-desktop-user-distro in Ubuntu][I] creating symlink for /usr/share/man/man1/docker-history.1.gz
[2023-03-19T06:47:37.634501235Z][docker-desktop-user-distro in Ubuntu][I] creating symlink for /usr/share/man/man1/docker-image-build.1.gz
[2023-03-19T06:47:37.635466391Z][docker-desktop-user-distro in Ubuntu][I] creating symlink for /usr/share/man/man1/docker-image-history.1.gz
[2023-03-19T06:47:37.636393164Z][docker-desktop-user-distro in Ubuntu][I] creating symlink for /usr/share/man/man1/docker-image-import.1.gz
[2023-03-19T06:47:37.637432959Z][docker-desktop-user-distro in Ubuntu][I] creating symlink for /usr/share/man/man1/docker-image-inspect.1.gz
[2023-03-19T06:47:37.638513719Z][docker-desktop-user-distro in Ubuntu][I] creating symlink for /usr/share/man/man1/docker-image-load.1.gz
[2023-03-19T06:47:37.639392703Z][docker-desktop-user-distro in Ubuntu][I] creating symlink for /usr/share/man/man1/docker-image-ls.1.gz
[2023-03-19T06:47:37.640193941Z][docker-desktop-user-distro in Ubuntu][I] creating symlink for /usr/share/man/man1/docker-image-prune.1.gz
[2023-03-19T06:47:37.644702139Z][docker-desktop-user-distro in Ubuntu][I] creating symlink for /usr/share/man/man1/docker-image-pull.1.gz
[2023-03-19T06:47:37.651460961Z][docker-desktop-user-distro in Ubuntu][I] creating symlink for /usr/share/man/man1/docker-image-push.1.gz
[2023-03-19T06:47:37.652469077Z][docker-desktop-user-distro in Ubuntu][I] creating symlink for /usr/share/man/man1/docker-image-rm.1.gz
[2023-03-19T06:47:37.653430166Z][docker-desktop-user-distro in Ubuntu][I] creating symlink for /usr/share/man/man1/docker-image-save.1.gz
[2023-03-19T06:47:37.654295174Z][docker-desktop-user-distro in Ubuntu][I] creating symlink for /usr/share/man/man1/docker-image-tag.1.gz
[2023-03-19T06:47:37.655277341Z][docker-desktop-user-distro in Ubuntu][I] creating symlink for /usr/share/man/man1/docker-image.1.gz
[2023-03-19T06:47:37.656208704Z][docker-desktop-user-distro in Ubuntu][I] creating symlink for /usr/share/man/man1/docker-images.1.gz
[2023-03-19T06:47:37.657078270Z][docker-desktop-user-distro in Ubuntu][I] creating symlink for /usr/share/man/man1/docker-import.1.gz
[2023-03-19T06:47:37.657905447Z][docker-desktop-user-distro in Ubuntu][I] creating symlink for /usr/share/man/man1/docker-info.1.gz
[2023-03-19T06:47:37.658864601Z][docker-desktop-user-distro in Ubuntu][I] creating symlink for /usr/share/man/man1/docker-inspect.1.gz
[2023-03-19T06:47:37.659740440Z][docker-desktop-user-distro in Ubuntu][I] creating symlink for /usr/share/man/man1/docker-kill.1.gz
[2023-03-19T06:47:37.660655852Z][docker-desktop-user-distro in Ubuntu][I] creating symlink for /usr/share/man/man1/docker-load.1.gz
[2023-03-19T06:47:37.661516211Z][docker-desktop-user-distro in Ubuntu][I] creating symlink for /usr/share/man/man1/docker-login.1.gz
[2023-03-19T06:47:37.662361763Z][docker-desktop-user-distro in Ubuntu][I] creating symlink for /usr/share/man/man1/docker-logout.1.gz
[2023-03-19T06:47:37.672406115Z][docker-desktop-user-distro in Ubuntu][I] creating symlink for /usr/share/man/man1/docker-logs.1.gz
[2023-03-19T06:47:37.673334862Z][docker-desktop-user-distro in Ubuntu][I] creating symlink for /usr/share/man/man1/docker-manifest-annotate.1.gz
[2023-03-19T06:47:37.674160436Z][docker-desktop-user-distro in Ubuntu][I] creating symlink for /usr/share/man/man1/docker-manifest-create.1.gz
[2023-03-19T06:47:37.675008172Z][docker-desktop-user-distro in Ubuntu][I] creating symlink for /usr/share/man/man1/docker-manifest-inspect.1.gz
[2023-03-19T06:47:37.675923514Z][docker-desktop-user-distro in Ubuntu][I] creating symlink for /usr/share/man/man1/docker-manifest-push.1.gz
[2023-03-19T06:47:37.676772081Z][docker-desktop-user-distro in Ubuntu][I] creating symlink for /usr/share/man/man1/docker-manifest-rm.1.gz
[2023-03-19T06:47:37.677669811Z][docker-desktop-user-distro in Ubuntu][I] creating symlink for /usr/share/man/man1/docker-manifest.1.gz
[2023-03-19T06:47:37.678590222Z][docker-desktop-user-distro in Ubuntu][I] creating symlink for /usr/share/man/man1/docker-network-connect.1.gz
[2023-03-19T06:47:37.679425755Z][docker-desktop-user-distro in Ubuntu][I] creating symlink for /usr/share/man/man1/docker-network-create.1.gz
[2023-03-19T06:47:37.681807686Z][docker-desktop-user-distro in Ubuntu][I] creating symlink for /usr/share/man/man1/docker-network-disconnect.1.gz
[2023-03-19T06:47:37.686948159Z][docker-desktop-user-distro in Ubuntu][I] creating symlink for /usr/share/man/man1/docker-network-inspect.1.gz
[2023-03-19T06:47:37.693565723Z][docker-desktop-user-distro in Ubuntu][I] creating symlink for /usr/share/man/man1/docker-network-ls.1.gz
[2023-03-19T06:47:37.696364667Z][docker-desktop-user-distro in Ubuntu][I] creating symlink for /usr/share/man/man1/docker-network-prune.1.gz
[2023-03-19T06:47:37.697464384Z][docker-desktop-user-distro in Ubuntu][I] creating symlink for /usr/share/man/man1/docker-network-rm.1.gz
[2023-03-19T06:47:37.698527292Z][docker-desktop-user-distro in Ubuntu][I] creating symlink for /usr/share/man/man1/docker-network.1.gz
[2023-03-19T06:47:37.699420503Z][docker-desktop-user-distro in Ubuntu][I] creating symlink for /usr/share/man/man1/docker-node-demote.1.gz
[2023-03-19T06:47:37.700384315Z][docker-desktop-user-distro in Ubuntu][I] creating symlink for /usr/share/man/man1/docker-node-inspect.1.gz
[2023-03-19T06:47:37.709523064Z][docker-desktop-user-distro in Ubuntu][I] creating symlink for /usr/share/man/man1/docker-node-ls.1.gz
[2023-03-19T06:47:37.710457153Z][docker-desktop-user-distro in Ubuntu][I] creating symlink for /usr/share/man/man1/docker-node-promote.1.gz
[2023-03-19T06:47:37.711200714Z][docker-desktop-user-distro in Ubuntu][I] creating symlink for /usr/share/man/man1/docker-node-ps.1.gz
[2023-03-19T06:47:37.712048029Z][docker-desktop-user-distro in Ubuntu][I] creating symlink for /usr/share/man/man1/docker-node-rm.1.gz
[2023-03-19T06:47:37.712978930Z][docker-desktop-user-distro in Ubuntu][I] creating symlink for /usr/share/man/man1/docker-node-update.1.gz
[2023-03-19T06:47:37.713909972Z][docker-desktop-user-distro in Ubuntu][I] creating symlink for /usr/share/man/man1/docker-node.1.gz
[2023-03-19T06:47:37.714922450Z][docker-desktop-user-distro in Ubuntu][I] creating symlink for /usr/share/man/man1/docker-pause.1.gz
[2023-03-19T06:47:37.725640734Z][docker-desktop-user-distro in Ubuntu][I] creating symlink for /usr/share/man/man1/docker-plugin-create.1.gz
[2023-03-19T06:47:37.726503367Z][docker-desktop-user-distro in Ubuntu][I] creating symlink for /usr/share/man/man1/docker-plugin-disable.1.gz
[2023-03-19T06:47:37.727421124Z][docker-desktop-user-distro in Ubuntu][I] creating symlink for /usr/share/man/man1/docker-plugin-enable.1.gz
[2023-03-19T06:47:37.728407218Z][docker-desktop-user-distro in Ubuntu][I] creating symlink for /usr/share/man/man1/docker-plugin-inspect.1.gz
[2023-03-19T06:47:37.729274861Z][docker-desktop-user-distro in Ubuntu][I] creating symlink for /usr/share/man/man1/docker-plugin-install.1.gz
[2023-03-19T06:47:37.730160257Z][docker-desktop-user-distro in Ubuntu][I] creating symlink for /usr/share/man/man1/docker-plugin-ls.1.gz
[2023-03-19T06:47:37.731103301Z][docker-desktop-user-distro in Ubuntu][I] creating symlink for /usr/share/man/man1/docker-plugin-push.1.gz
[2023-03-19T06:47:37.732017191Z][docker-desktop-user-distro in Ubuntu][I] creating symlink for /usr/share/man/man1/docker-plugin-rm.1.gz
[2023-03-19T06:47:37.733034353Z][docker-desktop-user-distro in Ubuntu][I] creating symlink for /usr/share/man/man1/docker-plugin-set.1.gz
[2023-03-19T06:47:37.733887078Z][docker-desktop-user-distro in Ubuntu][I] creating symlink for /usr/share/man/man1/docker-plugin-upgrade.1.gz
[2023-03-19T06:47:37.734768246Z][docker-desktop-user-distro in Ubuntu][I] creating symlink for /usr/share/man/man1/docker-plugin.1.gz
[2023-03-19T06:47:37.735662730Z][docker-desktop-user-distro in Ubuntu][I] creating symlink for /usr/share/man/man1/docker-port.1.gz
[2023-03-19T06:47:37.736528940Z][docker-desktop-user-distro in Ubuntu][I] creating symlink for /usr/share/man/man1/docker-ps.1.gz
[2023-03-19T06:47:37.739031409Z][docker-desktop-user-distro in Ubuntu][I] creating symlink for /usr/share/man/man1/docker-pull.1.gz
[2023-03-19T06:47:37.744129084Z][docker-desktop-user-distro in Ubuntu][I] creating symlink for /usr/share/man/man1/docker-push.1.gz
[2023-03-19T06:47:37.748156889Z][docker-desktop-user-distro in Ubuntu][I] creating symlink for /usr/share/man/man1/docker-rename.1.gz
[2023-03-19T06:47:37.749143956Z][docker-desktop-user-distro in Ubuntu][I] creating symlink for /usr/share/man/man1/docker-restart.1.gz
[2023-03-19T06:47:37.756607837Z][docker-desktop-user-distro in Ubuntu][I] creating symlink for /usr/share/man/man1/docker-rm.1.gz
[2023-03-19T06:47:37.757717072Z][docker-desktop-user-distro in Ubuntu][I] creating symlink for /usr/share/man/man1/docker-rmi.1.gz
[2023-03-19T06:47:37.758849450Z][docker-desktop-user-distro in Ubuntu][I] creating symlink for /usr/share/man/man1/docker-run.1.gz
[2023-03-19T06:47:37.760070323Z][docker-desktop-user-distro in Ubuntu][I] creating symlink for /usr/share/man/man1/docker-save.1.gz
[2023-03-19T06:47:37.760965618Z][docker-desktop-user-distro in Ubuntu][I] creating symlink for /usr/share/man/man1/docker-search.1.gz
[2023-03-19T06:47:37.762430368Z][docker-desktop-user-distro in Ubuntu][I] creating symlink for /usr/share/man/man1/docker-secret-create.1.gz
[2023-03-19T06:47:37.763543380Z][docker-desktop-user-distro in Ubuntu][I] creating symlink for /usr/share/man/man1/docker-secret-inspect.1.gz
[2023-03-19T06:47:37.764535706Z][docker-desktop-user-distro in Ubuntu][I] creating symlink for /usr/share/man/man1/docker-secret-ls.1.gz
[2023-03-19T06:47:37.765714010Z][docker-desktop-user-distro in Ubuntu][I] creating symlink for /usr/share/man/man1/docker-secret-rm.1.gz
[2023-03-19T06:47:37.766694744Z][docker-desktop-user-distro in Ubuntu][I] creating symlink for /usr/share/man/man1/docker-secret.1.gz
[2023-03-19T06:47:37.768343676Z][docker-desktop-user-distro in Ubuntu][I] creating symlink for /usr/share/man/man1/docker-service-create.1.gz
[2023-03-19T06:47:37.769178127Z][docker-desktop-user-distro in Ubuntu][I] creating symlink for /usr/share/man/man1/docker-service-inspect.1.gz
[2023-03-19T06:47:37.778383135Z][docker-desktop-user-distro in Ubuntu][I] creating symlink for /usr/share/man/man1/docker-service-logs.1.gz
[2023-03-19T06:47:37.779183662Z][docker-desktop-user-distro in Ubuntu][I] creating symlink for /usr/share/man/man1/docker-service-ls.1.gz
[2023-03-19T06:47:37.780020036Z][docker-desktop-user-distro in Ubuntu][I] creating symlink for /usr/share/man/man1/docker-service-ps.1.gz
[2023-03-19T06:47:37.780968551Z][docker-desktop-user-distro in Ubuntu][I] creating symlink for /usr/share/man/man1/docker-service-rm.1.gz
[2023-03-19T06:47:37.781813431Z][docker-desktop-user-distro in Ubuntu][I] creating symlink for /usr/share/man/man1/docker-service-rollback.1.gz
[2023-03-19T06:47:37.782732280Z][docker-desktop-user-distro in Ubuntu][I] creating symlink for /usr/share/man/man1/docker-service-scale.1.gz
[2023-03-19T06:47:37.783791391Z][docker-desktop-user-distro in Ubuntu][I] creating symlink for /usr/share/man/man1/docker-service-update.1.gz
[2023-03-19T06:47:37.784622084Z][docker-desktop-user-distro in Ubuntu][I] creating symlink for /usr/share/man/man1/docker-service.1.gz
[2023-03-19T06:47:37.794456980Z][docker-desktop-user-distro in Ubuntu][I] creating symlink for /usr/share/man/man1/docker-stack-deploy.1.gz
[2023-03-19T06:47:37.795354900Z][docker-desktop-user-distro in Ubuntu][I] creating symlink for /usr/share/man/man1/docker-stack-ls.1.gz
[2023-03-19T06:47:37.796349660Z][docker-desktop-user-distro in Ubuntu][I] creating symlink for /usr/share/man/man1/docker-stack-ps.1.gz
[2023-03-19T06:47:37.797354470Z][docker-desktop-user-distro in Ubuntu][I] creating symlink for /usr/share/man/man1/docker-stack-rm.1.gz
[2023-03-19T06:47:37.798238263Z][docker-desktop-user-distro in Ubuntu][I] creating symlink for /usr/share/man/man1/docker-stack-services.1.gz
[2023-03-19T06:47:37.799213587Z][docker-desktop-user-distro in Ubuntu][I] creating symlink for /usr/share/man/man1/docker-stack.1.gz
[2023-03-19T06:47:37.800235819Z][docker-desktop-user-distro in Ubuntu][I] creating symlink for /usr/share/man/man1/docker-start.1.gz
[2023-03-19T06:47:37.801169586Z][docker-desktop-user-distro in Ubuntu][I] creating symlink for /usr/share/man/man1/docker-stats.1.gz
[2023-03-19T06:47:37.802105216Z][docker-desktop-user-distro in Ubuntu][I] creating symlink for /usr/share/man/man1/docker-stop.1.gz
[2023-03-19T06:47:37.803034795Z][docker-desktop-user-distro in Ubuntu][I] creating symlink for /usr/share/man/man1/docker-swarm-ca.1.gz
[2023-03-19T06:47:37.804004569Z][docker-desktop-user-distro in Ubuntu][I] creating symlink for /usr/share/man/man1/docker-swarm-init.1.gz
[2023-03-19T06:47:37.804916104Z][docker-desktop-user-distro in Ubuntu][I] creating symlink for /usr/share/man/man1/docker-swarm-join-token.1.gz
[2023-03-19T06:47:37.805850391Z][docker-desktop-user-distro in Ubuntu][I] creating symlink for /usr/share/man/man1/docker-swarm-join.1.gz
[2023-03-19T06:47:37.808797380Z][docker-desktop-user-distro in Ubuntu][I] creating symlink for /usr/share/man/man1/docker-swarm-leave.1.gz
[2023-03-19T06:47:37.809780679Z][docker-desktop-user-distro in Ubuntu][I] creating symlink for /usr/share/man/man1/docker-swarm-unlock-key.1.gz
[2023-03-19T06:47:37.810841544Z][docker-desktop-user-distro in Ubuntu][I] creating symlink for /usr/share/man/man1/docker-swarm-unlock.1.gz
[2023-03-19T06:47:37.811836214Z][docker-desktop-user-distro in Ubuntu][I] creating symlink for /usr/share/man/man1/docker-swarm-update.1.gz
[2023-03-19T06:47:37.812791611Z][docker-desktop-user-distro in Ubuntu][I] creating symlink for /usr/share/man/man1/docker-swarm.1.gz
[2023-03-19T06:47:37.813672980Z][docker-desktop-user-distro in Ubuntu][I] creating symlink for /usr/share/man/man1/docker-system-df.1.gz
[2023-03-19T06:47:37.814556222Z][docker-desktop-user-distro in Ubuntu][I] creating symlink for /usr/share/man/man1/docker-system-events.1.gz
[2023-03-19T06:47:37.815423384Z][docker-desktop-user-distro in Ubuntu][I] creating symlink for /usr/share/man/man1/docker-system-info.1.gz
[2023-03-19T06:47:37.816312307Z][docker-desktop-user-distro in Ubuntu][I] creating symlink for /usr/share/man/man1/docker-system-prune.1.gz
[2023-03-19T06:47:37.817142149Z][docker-desktop-user-distro in Ubuntu][I] creating symlink for /usr/share/man/man1/docker-system.1.gz
[2023-03-19T06:47:37.817964136Z][docker-desktop-user-distro in Ubuntu][I] creating symlink for /usr/share/man/man1/docker-tag.1.gz
[2023-03-19T06:47:37.818764283Z][docker-desktop-user-distro in Ubuntu][I] creating symlink for /usr/share/man/man1/docker-top.1.gz
[2023-03-19T06:47:37.821361820Z][docker-desktop-user-distro in Ubuntu][I] creating symlink for /usr/share/man/man1/docker-trust-inspect.1.gz
[2023-03-19T06:47:37.822990191Z][docker-desktop-user-distro in Ubuntu][I] creating symlink for /usr/share/man/man1/docker-trust-key-generate.1.gz
[2023-03-19T06:47:37.825647601Z][docker-desktop-user-distro in Ubuntu][I] creating symlink for /usr/share/man/man1/docker-trust-key-load.1.gz
[2023-03-19T06:47:37.827442711Z][docker-desktop-user-distro in Ubuntu][I] creating symlink for /usr/share/man/man1/docker-trust-key.1.gz
[2023-03-19T06:47:37.828868426Z][docker-desktop-user-distro in Ubuntu][I] creating symlink for /usr/share/man/man1/docker-trust-revoke.1.gz
[2023-03-19T06:47:37.829713266Z][docker-desktop-user-distro in Ubuntu][I] creating symlink for /usr/share/man/man1/docker-trust-sign.1.gz
[2023-03-19T06:47:37.830694732Z][docker-desktop-user-distro in Ubuntu][I] creating symlink for /usr/share/man/man1/docker-trust-signer-add.1.gz
[2023-03-19T06:47:37.831580669Z][docker-desktop-user-distro in Ubuntu][I] creating symlink for /usr/share/man/man1/docker-trust-signer-remove.1.gz
[2023-03-19T06:47:37.832462438Z][docker-desktop-user-distro in Ubuntu][I] creating symlink for /usr/share/man/man1/docker-trust-signer.1.gz
[2023-03-19T06:47:37.833341753Z][docker-desktop-user-distro in Ubuntu][I] creating symlink for /usr/share/man/man1/docker-trust.1.gz
[2023-03-19T06:47:37.834180081Z][docker-desktop-user-distro in Ubuntu][I] creating symlink for /usr/share/man/man1/docker-unpause.1.gz
[2023-03-19T06:47:37.835053505Z][docker-desktop-user-distro in Ubuntu][I] creating symlink for /usr/share/man/man1/docker-update.1.gz
[2023-03-19T06:47:37.836359117Z][docker-desktop-user-distro in Ubuntu][I] creating symlink for /usr/share/man/man1/docker-version.1.gz
[2023-03-19T06:47:37.840796243Z][docker-desktop-user-distro in Ubuntu][I] creating symlink for /usr/share/man/man1/docker-volume-create.1.gz
[2023-03-19T06:47:37.842189965Z][docker-desktop-user-distro in Ubuntu][I] creating symlink for /usr/share/man/man1/docker-volume-inspect.1.gz
[2023-03-19T06:47:37.843584677Z][docker-desktop-user-distro in Ubuntu][I] creating symlink for /usr/share/man/man1/docker-volume-ls.1.gz
[2023-03-19T06:47:37.844418005Z][docker-desktop-user-distro in Ubuntu][I] creating symlink for /usr/share/man/man1/docker-volume-prune.1.gz
[2023-03-19T06:47:37.845186162Z][docker-desktop-user-distro in Ubuntu][I] creating symlink for /usr/share/man/man1/docker-volume-rm.1.gz
[2023-03-19T06:47:37.846096946Z][docker-desktop-user-distro in Ubuntu][I] creating symlink for /usr/share/man/man1/docker-volume.1.gz
[2023-03-19T06:47:37.846951735Z][docker-desktop-user-distro in Ubuntu][I] creating symlink for /usr/share/man/man1/docker-wait.1.gz
[2023-03-19T06:47:37.847862047Z][docker-desktop-user-distro in Ubuntu][I] creating symlink for /usr/share/man/man1/docker.1.gz
[2023-03-19T06:47:37.849674710Z][docker-desktop-user-distro in Ubuntu][I] creating symlink for /usr/share/man/man5/Dockerfile.5.gz
[2023-03-19T06:47:37.850786515Z][docker-desktop-user-distro in Ubuntu][I] creating symlink for /usr/share/man/man5/docker-config-json.5.gz
[2023-03-19T06:47:37.853730730Z][docker-desktop-user-distro in Ubuntu][I] creating symlink for /usr/share/man/man8/dockerd.8.gz
[2023-03-19T06:47:37.859703077Z][docker-desktop-user-distro in Ubuntu][I] creating symlink for /usr/share/zsh/vendor-completions/_docker
[2023-03-19T06:47:37.867451293Z][docker-desktop-user-distro in Ubuntu][I] cli tools successfully installed
[2023-03-19T06:47:37.872307208Z][docker-desktop-user-distro in Ubuntu][I] docker-desktop-user-distro proxy has started
[2023-03-19T06:47:37.917870431Z][docker-desktop-user-distro in Ubuntu][I] (0018e4b6-1) b178e196-cross-distro S<-C 2543319d-cross-distro-router GET /check
[common/pkg/linuxworkspaces.CrossDistroClient.CheckDistro(...)
[	common/pkg/linuxworkspaces/api.go:60
[main.StartCrossDistroServer.func2({0xa528e8, 0xc0003b62a0})
[	linuxkit/pkg/wsl-bootstrap/cross-distro-service.go:61 +0x4eb
[2023-03-19T06:47:37.920972174Z][docker-desktop-user-distro in Ubuntu][I] (0018e4b6-1-1) 11325e66-CrossDistroService C->S WSL2DistroProxy GET /desktop-diagnostics/ping
[2023-03-19T06:47:37.923647927Z][docker-desktop-user-distro in Ubuntu][I] (0018e4b6-1-1) 11325e66-CrossDistroService C<-S UnknownServer GET /desktop-diagnostics/ping (2.672597ms): OK
[2023-03-19T06:47:37.924136000Z][docker-desktop-user-distro in Ubuntu][I] (0018e4b6-1) b178e196-cross-distro S->C 2543319d-cross-distro-router GET /check (6.309081ms): OK
[2023-03-19T06:47:40.830188241Z][docker-desktop-user-distro in Ubuntu][I] proxy >> HEAD /_ping
[2023-03-19T06:47:40.832447146Z][docker-desktop-user-distro in Ubuntu][I] proxy << HEAD /_ping (2.281658ms)
[2023-03-19T06:47:40.973415090Z][docker-desktop-user-distro in Ubuntu][I] proxy >> HEAD /_ping
[2023-03-19T06:47:40.975725261Z][docker-desktop-user-distro in Ubuntu][I] proxy << HEAD /_ping (2.414807ms)
[2023-03-19T06:47:40.985455982Z][docker-desktop-user-distro in Ubuntu][I] proxy >> GET /v1.41/containers/json?all=1&filters=%7B%22label%22%3A%7B%22com.docker.compose.oneoff%3DFalse%22%3Atrue%2C%22com.docker.compose.project%3Dudemy-reversi-webapp%22%3Atrue%7D%7D
[2023-03-19T06:47:40.994681513Z][docker-desktop-user-distro in Ubuntu][I] proxy << GET /v1.41/containers/json?all=1&filters=%7B%22label%22%3A%7B%22com.docker.compose.oneoff%3DFalse%22%3Atrue%2C%22com.docker.compose.project%3Dudemy-reversi-webapp%22%3Atrue%7D%7D (9.163244ms)
[2023-03-19T06:47:40.995976885Z][docker-desktop-user-distro in Ubuntu][I] proxy >> GET /v1.41/volumes?filters=%7B%22label%22%3A%7B%22com.docker.compose.project%3Dudemy-reversi-webapp%22%3Atrue%7D%7D
[2023-03-19T06:47:40.998874891Z][docker-desktop-user-distro in Ubuntu][I] proxy << GET /v1.41/volumes?filters=%7B%22label%22%3A%7B%22com.docker.compose.project%3Dudemy-reversi-webapp%22%3Atrue%7D%7D (2.893878ms)
[2023-03-19T06:47:41.000012341Z][docker-desktop-user-distro in Ubuntu][I] proxy >> GET /v1.41/networks?filters=%7B%22label%22%3A%7B%22com.docker.compose.project%3Dudemy-reversi-webapp%22%3Atrue%7D%7D
[2023-03-19T06:47:41.003307745Z][docker-desktop-user-distro in Ubuntu][I] proxy << GET /v1.41/networks?filters=%7B%22label%22%3A%7B%22com.docker.compose.project%3Dudemy-reversi-webapp%22%3Atrue%7D%7D (3.289503ms)
[2023-03-19T06:47:41.004911194Z][docker-desktop-user-distro in Ubuntu][I] proxy >> GET /v1.41/events?filters=%7B%22label%22%3A%7B%22com.docker.compose.project%3Dudemy-reversi-webapp%22%3Atrue%7D%7D
[2023-03-19T06:47:41.005074873Z][docker-desktop-user-distro in Ubuntu][I] proxy >> GET /v1.41/containers/e5a278ba640a81d6688a9a6c11b5f460cf1ac5c19e9de848b063ed159b5c56cf/json
[2023-03-19T06:47:41.015086286Z][docker-desktop-user-distro in Ubuntu][I] proxy << GET /v1.41/containers/e5a278ba640a81d6688a9a6c11b5f460cf1ac5c19e9de848b063ed159b5c56cf/json (10.024749ms)
[2023-03-19T06:47:41.016841704Z][docker-desktop-user-distro in Ubuntu][I] proxy >> GET /v1.41/containers/e5a278ba640a81d6688a9a6c11b5f460cf1ac5c19e9de848b063ed159b5c56cf/logs?follow=1&stderr=1&stdout=1&tail=99999&timestamps=1
[2023-03-19T06:47:41.025724833Z][docker-desktop-user-distro in Ubuntu][I] proxy << GET /v1.41/containers/e5a278ba640a81d6688a9a6c11b5f460cf1ac5c19e9de848b063ed159b5c56cf/logs?follow=1&stderr=1&stdout=1&tail=99999&timestamps=1 (8.880254ms)
